Determining if the pthread_create exist failed with the following output:
Change Dir: /home/dongfu/cartographer_ws/build_isolated/cartographer_rviz/CMakeFiles/CMakeTmp

Run Build Command:"/usr/bin/ninja" "cmTC_0bc84"
[1/2] Building C object CMakeFiles/cmTC_0bc84.dir/CheckSymbolExists.c.o
[2/2] Linking C executable cmTC_0bc84
FAILED: cmTC_0bc84 
: && /usr/bin/cc   -rdynamic CMakeFiles/cmTC_0bc84.dir/CheckSymbolExists.c.o  -o cmTC_0bc84   && :
CMakeFiles/cmTC_0bc84.dir/CheckSymbolExists.c.o：在函数‘main’中：
CheckSymbolExists.c:(.text+0x1b)：对‘pthread_create’未定义的引用
collect2: error: ld returned 1 exit status
ninja: build stopped: subcommand failed.

File /home/dongfu/cartographer_ws/build_isolated/cartographer_rviz/CMakeFiles/CMakeTmp/CheckSymbolExists.c:
/* */
#include <pthread.h>

int main(int argc, char** argv)
{
  (void)argv;
#ifndef pthread_create
  return ((int*)(&pthread_create))[argc];
#else
  (void)argc;
  return 0;
#endif
}

Determining if the function pthread_create exists in the pthreads failed with the following output:
Change Dir: /home/dongfu/cartographer_ws/build_isolated/cartographer_rviz/CMakeFiles/CMakeTmp

Run Build Command:"/usr/bin/ninja" "cmTC_e695a"
[1/2] Building C object CMakeFiles/cmTC_e695a.dir/CheckFunctionExists.c.o
[2/2] Linking C executable cmTC_e695a
FAILED: cmTC_e695a 
: && /usr/bin/cc -DCHECK_FUNCTION_EXISTS=pthread_create  -rdynamic CMakeFiles/cmTC_e695a.dir/CheckFunctionExists.c.o  -o cmTC_e695a  -lpthreads && :
/usr/bin/ld: 找不到 -lpthreads
collect2: error: ld returned 1 exit status
ninja: build stopped: subcommand failed.


